0 info it worked if it ends with ok
1 verbose cli [ '/usr/local/node/bin/node',
1 verbose cli   '/usr/bin/npm',
1 verbose cli   'install',
1 verbose cli   '-g',
1 verbose cli   'zlib' ]
2 info using npm@3.5.3
3 info using node@v4.2.4
4 silly loadCurrentTree Starting
5 silly install loadCurrentTree
6 silly install readGlobalPackageData
7 silly fetchPackageMetaData zlib
8 silly fetchNamedPackageData zlib
9 silly mapToRegistry name zlib
10 silly mapToRegistry using default registry
11 silly mapToRegistry registry https://registry.npmjs.org/
12 silly mapToRegistry uri https://registry.npmjs.org/zlib
13 verbose request uri https://registry.npmjs.org/zlib
14 verbose request no auth needed
15 info attempt registry request try #1 at 5:20:51 PM
16 verbose request id ff3d5d53c7bd4e0b
17 verbose etag "5ZD8OZO6M8FVHQHJHDOOR2QN9"
18 http request GET https://registry.npmjs.org/zlib
19 http 304 https://registry.npmjs.org/zlib
20 verbose headers { date: 'Wed, 20 Jan 2016 22:20:52 GMT',
20 verbose headers   via: '1.1 varnish',
20 verbose headers   'cache-control': 'max-age=300',
20 verbose headers   etag: '"5ZD8OZO6M8FVHQHJHDOOR2QN9"',
20 verbose headers   age: '38',
20 verbose headers   connection: 'keep-alive',
20 verbose headers   'x-served-by': 'cache-jfk1039-JFK',
20 verbose headers   'x-cache': 'HIT',
20 verbose headers   'x-cache-hits': '1',
20 verbose headers   'x-timer': 'S1453328452.010752,VS0,VE0',
20 verbose headers   vary: 'Accept' }
21 silly get cb [ 304,
21 silly get   { date: 'Wed, 20 Jan 2016 22:20:52 GMT',
21 silly get     via: '1.1 varnish',
21 silly get     'cache-control': 'max-age=300',
21 silly get     etag: '"5ZD8OZO6M8FVHQHJHDOOR2QN9"',
21 silly get     age: '38',
21 silly get     connection: 'keep-alive',
21 silly get     'x-served-by': 'cache-jfk1039-JFK',
21 silly get     'x-cache': 'HIT',
21 silly get     'x-cache-hits': '1',
21 silly get     'x-timer': 'S1453328452.010752,VS0,VE0',
21 silly get     vary: 'Accept' } ]
22 verbose etag https://registry.npmjs.org/zlib from cache
23 verbose get saving zlib to /home/rokuren/.npm/registry.npmjs.org/zlib/.cache.json
24 silly install normalizeTree
25 silly loadCurrentTree Finishing
26 silly loadIdealTree Starting
27 silly install loadIdealTree
28 silly cloneCurrentTree Starting
29 silly install cloneCurrentTreeToIdealTree
30 silly cloneCurrentTree Finishing
31 silly loadShrinkwrap Starting
32 silly install loadShrinkwrap
33 silly loadShrinkwrap Finishing
34 silly loadAllDepsIntoIdealTree Starting
35 silly install loadAllDepsIntoIdealTree
36 silly resolveWithNewModule zlib@1.0.5 checking installable status
37 silly cache add args [ 'zlib', null ]
38 verbose cache add spec zlib
39 silly cache add parsed spec Result {
39 silly cache add   raw: 'zlib',
39 silly cache add   scope: null,
39 silly cache add   name: 'zlib',
39 silly cache add   rawSpec: '',
39 silly cache add   spec: 'latest',
39 silly cache add   type: 'tag' }
40 silly addNamed zlib@latest
41 verbose addNamed "latest" is being treated as a dist-tag for zlib
42 info addNameTag [ 'zlib', 'latest' ]
43 silly mapToRegistry name zlib
44 silly mapToRegistry using default registry
45 silly mapToRegistry registry https://registry.npmjs.org/
46 silly mapToRegistry uri https://registry.npmjs.org/zlib
47 verbose addNameTag registry:https://registry.npmjs.org/zlib not in flight; fetching
48 verbose get https://registry.npmjs.org/zlib not expired, no request
49 silly addNameTag next cb for zlib with tag latest
50 silly addNamed zlib@1.0.5
51 verbose addNamed "1.0.5" is a plain semver version for zlib
52 silly cache afterAdd zlib@1.0.5
53 verbose afterAdd /home/rokuren/.npm/zlib/1.0.5/package/package.json not in flight; writing
54 verbose afterAdd /home/rokuren/.npm/zlib/1.0.5/package/package.json written
55 silly loadAllDepsIntoIdealTree Finishing
56 silly idealTree:prePrune lib
56 silly idealTree:prePrune └── zlib@1.0.5
57 silly loadIdealTree Finishing
58 silly currentTree lib
59 silly idealTree lib
59 silly idealTree └── zlib@1.0.5
60 silly generateActionsToTake Starting
61 silly install generateActionsToTake
62 silly generateActionsToTake Finishing
63 silly diffTrees action count 1
64 silly diffTrees add zlib@1.0.5
65 silly decomposeActions action count 8
66 silly decomposeActions fetch zlib@1.0.5
67 silly decomposeActions extract zlib@1.0.5
68 silly decomposeActions test zlib@1.0.5
69 silly decomposeActions preinstall zlib@1.0.5
70 silly decomposeActions build zlib@1.0.5
71 silly decomposeActions install zlib@1.0.5
72 silly decomposeActions postinstall zlib@1.0.5
73 silly decomposeActions finalize zlib@1.0.5
74 silly executeActions Starting
75 silly install executeActions
76 silly doSerial global-install 0
77 silly doParallel fetch 1
78 verbose lock using /home/rokuren/.npm/_locks/staging-4be64ed71d05c05a.lock for /usr/local/node/lib/node_modules/.staging
79 silly doParallel extract 1
80 silly extract zlib@1.0.5
81 verbose unbuild lib/node_modules/.staging/zlib-0b06c87c
82 silly gentlyRm /usr/local/node/lib/node_modules/.staging/zlib-0b06c87c is being purged from base /usr/local/node
83 verbose gentlyRm don't care about contents; nuking /usr/local/node/lib/node_modules/.staging/zlib-0b06c87c
84 verbose tar unpack /home/rokuren/.npm/zlib/1.0.5/package.tgz
85 verbose tar unpacking to /usr/local/node/lib/node_modules/.staging/zlib-0b06c87c
86 silly gentlyRm /usr/local/node/lib/node_modules/.staging/zlib-0b06c87c is being purged
87 verbose gentlyRm don't care about contents; nuking /usr/local/node/lib/node_modules/.staging/zlib-0b06c87c
88 silly gunzTarPerm modes [ '755', '644' ]
89 silly gunzTarPerm extractEntry .gitignore
90 silly gunzTarPerm extractEntry configure
91 silly gunzTarPerm extractEntry index.js
92 silly gunzTarPerm extractEntry LICENSE
93 silly gunzTarPerm extractEntry Makefile
94 silly gunzTarPerm extractEntry package.json
95 silly gunzTarPerm extractEntry README.md
96 silly gunzTarPerm extractEntry wscript
97 silly gunzTarPerm extractEntry lib/zlib.js
98 silly gunzTarPerm extractEntry src/node-zlib.cc
99 silly gunzTarPerm extractEntry test/deflate.test.js
100 silly gunzTarPerm extractEntry test/inflate.test.js
101 silly gentlyRm /usr/local/node/lib/node_modules/.staging/zlib-0b06c87c/node_modules is being purged
102 verbose gentlyRm don't care about contents; nuking /usr/local/node/lib/node_modules/.staging/zlib-0b06c87c/node_modules
103 silly doParallel preinstall 1
104 silly preinstall zlib@1.0.5 /usr/local/node/lib/node_modules/.staging/zlib-0b06c87c
105 info lifecycle zlib@1.0.5~preinstall: zlib@1.0.5
106 verbose lifecycle zlib@1.0.5~preinstall: unsafe-perm in lifecycle true
107 verbose lifecycle zlib@1.0.5~preinstall: PATH: /usr/lib/node_modules/npm/bin/node-gyp-bin:/usr/local/node/lib/node_modules/.staging/zlib-0b06c87c/node_modules/.bin:/usr/local/node/lib/node_modules/.bin:/home/rokuren/bin:/usr/local/bin:/usr/bin:/bin:/usr/bin/X11:/usr/games:/usr/local/node/bin:/usr/local/node/bin
108 verbose lifecycle zlib@1.0.5~preinstall: CWD: /usr/local/node/lib/node_modules/.staging/zlib-0b06c87c
109 silly lifecycle zlib@1.0.5~preinstall: Args: [ '-c', 'node-waf clean || true; node-waf configure build' ]
110 info lifecycle zlib@1.0.5~preinstall: Failed to exec preinstall script
111 verbose unlock done using /home/rokuren/.npm/_locks/staging-4be64ed71d05c05a.lock for /usr/local/node/lib/node_modules/.staging
112 silly rollbackFailedOptional Starting
113 silly rollbackFailedOptional Finishing
114 silly runTopLevelLifecycles Starting
115 silly runTopLevelLifecycles Finishing
116 silly install printInstalled
117 verbose stack Error: zlib@1.0.5 preinstall: `node-waf clean || true; node-waf configure build`
117 verbose stack spawn ENOENT
117 verbose stack     at ChildProcess.<anonymous> (/usr/lib/node_modules/npm/lib/utils/spawn.js:17:16)
117 verbose stack     at emitTwo (events.js:87:13)
117 verbose stack     at ChildProcess.emit (events.js:172:7)
117 verbose stack     at maybeClose (internal/child_process.js:818:16)
117 verbose stack     at Process.ChildProcess._handle.onexit (internal/child_process.js:211:5)
118 verbose pkgid zlib@1.0.5
119 verbose cwd /home/rokuren/workspace/NodeSchool/stream-adventure
120 error Linux 4.1.13-5-default
121 error argv "/usr/local/node/bin/node" "/usr/bin/npm" "install" "-g" "zlib"
122 error node v4.2.4
123 error npm  v3.5.3
124 error file sh
125 error code ELIFECYCLE
126 error errno ENOENT
127 error syscall spawn
128 error zlib@1.0.5 preinstall: `node-waf clean || true; node-waf configure build`
128 error spawn ENOENT
129 error Failed at the zlib@1.0.5 preinstall script 'node-waf clean || true; node-waf configure build'.
129 error Make sure you have the latest version of node.js and npm installed.
129 error If you do, this is most likely a problem with the zlib package,
129 error not with npm itself.
129 error Tell the author that this fails on your system:
129 error     node-waf clean || true; node-waf configure build
129 error You can get information on how to open an issue for this project with:
129 error     npm bugs zlib
129 error Or if that isn't available, you can get their info via:
129 error     npm owner ls zlib
129 error There is likely additional logging output above.
130 verbose exit [ 1, true ]
